<?xml version="1.0" encoding="UTF-8"?>
<testsuite xmlns:xsi="http://www.w3.org/2001/XMLSchema-instance" xsi:noNamespaceSchemaLocation="https://maven.apache.org/surefire/maven-surefire-plugin/xsd/surefire-test-report-3.0.xsd" version="3.0" name="GrepTest" time="0.097" tests="8" errors="0" skipped="0" failures="0">
  <properties>
[...]
</properties>
  <testcase name="basicGrep" classname="GrepTest" time="0.028"/>
  <testcase name="fileIsNotFoundTest" classname="GrepTest" time="0.003">
    <system-out><![CDATA[src\input\test (Не удается найти указанный файл)
output.txt (Не удается найти указанный файл)
]]></system-out>
  </testcase>
  <testcase name="invert" classname="GrepTest" time="0.001"/>
  <testcase name="parserTest" classname="GrepTest" time="0.03">
    <system-out><![CDATA[She has the softest fur and loves to be petted.
]]></system-out>
    <system-err><![CDATA[Too many arguments: [-v]
grep [-v] [-i] [-r] word inputname.txt
 InputName : Input file name
Too many arguments: word
grep [-v] [-i] [-r] word inputname.txt
 InputName : Input file name
Too many arguments: src/input/test1
grep [-v] [-i] [-r] word inputname.txt
 InputName : Input file name
]]></system-err>
  </testcase>
  <testcase name="allTrue" classname="GrepTest" time="0.002"/>
  <testcase name="regex" classname="GrepTest" time="0.002"/>
  <testcase name="ignoreCase" classname="GrepTest" time="0.001"/>
  <testcase name="noLines" classname="GrepTest" time="0.008"/>
</testsuite>